<?xml version="1.0" encoding="UTF-8"?>
<!-- Generated by org.testng.reporters.JUnitReportReporter -->
<testsuite hostname="IT-QE-MLBRIONES" failures="0" tests="1" name="tests.One" time="7.828" errors="0" timestamp="2023-08-22T14:35:30 SGT" skipped="0">
  <testcase classname="tests.One" name="testOne" time="7.828"/>
  <system-out/>
</testsuite> <!-- tests.One -->
