<?xml version="1.0" encoding="UTF-8"?>
<!-- Generated by org.testng.reporters.JUnitReportReporter -->
<testsuite hostname="IT-QE-MLBRIONES" failures="0" tests="1" name="tests.Two" time="70.172" errors="0" timestamp="2023-08-18T11:28:43 SGT" skipped="0">
  <testcase classname="tests.Two" name="testTwo" time="70.172"/>
  <system-out/>
</testsuite> <!-- tests.Two -->
