<?xml version="1.0" encoding="UTF-8"?>
<!-- Generated by org.testng.reporters.JUnitReportReporter -->
<testsuite hostname="IT-QE-MLBRIONES" failures="0" tests="1" name="tests.Two" time="44.831" errors="0" timestamp="2023-08-22T14:24:31 SGT" skipped="0">
  <testcase classname="tests.Two" name="testTwo" time="44.831"/>
  <system-out/>
</testsuite> <!-- tests.Two -->
