<?xml version="1.0" encoding="UTF-8"?>
<!-- Generated by org.testng.reporters.JUnitReportReporter -->
<testsuite hostname="IT-QE-MLBRIONES" failures="0" tests="1" name="tests.One" time="100.098" errors="0" timestamp="2023-08-18T11:28:43 SGT" skipped="0">
  <testcase classname="tests.One" name="testOne" time="100.098"/>
  <system-out/>
</testsuite> <!-- tests.One -->
